#
# There is insufficient memory for the Java Runtime Environment to continue.
# Native memory allocation (malloc) failed to allocate 1048576 bytes for AllocateHeap
# Possible reasons:
#   The system is out of physical RAM or swap space
#   The process is running with CompressedOops enabled, and the Java Heap may be blocking the growth of the native heap
# Possible solutions:
#   Reduce memory load on the system
#   Increase physical memory or swap space
#   Check if swap backing store is full
#   Decrease Java heap size (-Xmx/-Xms)
#   Decrease number of Java threads
#   Decrease Java thread stack sizes (-Xss)
#   Set larger code cache with -XX:ReservedCodeCacheSize=
#   JVM is running with Unscaled Compressed Oops mode in which the Java heap is
#     placed in the first 4GB address space. The Java Heap base address is the
#     maximum limit for the native heap growth. Please use -XX:HeapBaseMinAddress
#     to set the Java Heap base and to place the Java Heap above 4GB virtual address.
# This output file may be truncated or incomplete.
#
#  Out of Memory Error (memory/allocation.inline.hpp:61), pid=2956, tid=0x00000000000053e0
#
# JRE version:  (8.0_202-b49) (build )
# Java VM: OpenJDK 64-Bit Server VM (25.202-b49 mixed mode windows-amd64 compressed oops)
# Failed to write core dump. Minidumps are not enabled by default on client versions of Windows
#

---------------  T H R E A D  ---------------

Current thread (0x0000000002f82800):  JavaThread "Unknown thread" [_thread_in_vm, id=21472, stack(0x0000000002de0000,0x0000000002ee0000)]

Stack: [0x0000000002de0000,0x0000000002ee0000]
[error occurred during error reporting (printing stack bounds), id 0xc0000005]

Native frames: (J=compiled Java code, j=interpreted, Vv=VM code, C=native code)


---------------  P R O C E S S  ---------------

Java Threads: ( => current thread )

Other Threads:

=>0x0000000002f82800 (exited) JavaThread "Unknown thread" [_thread_in_vm, id=21472, stack(0x0000000002de0000,0x0000000002ee0000)]

VM state:not at safepoint (normal execution)

VM Mutex/Monitor currently owned by a thread: None

heap address: 0x0000000083200000, size: 1998 MB, Compressed Oops mode: 32-bit
Narrow klass base: 0x0000000000000000, Narrow klass shift: 3
Compressed class space size: 1073741824 Address: 0x0000000100000000

Heap:
 PSYoungGen      total 37888K, used 655K [0x00000000d6600000, 0x00000000d9000000, 0x0000000100000000)
  eden space 32768K, 2% used [0x00000000d6600000,0x00000000d66a3d80,0x00000000d8600000)
  from space 5120K, 0% used [0x00000000d8b00000,0x00000000d8b00000,0x00000000d9000000)
  to   space 5120K, 0% used [0x00000000d8600000,0x00000000d8600000,0x00000000d8b00000)
 ParOldGen       total 86016K, used 0K [0x0000000083200000, 0x0000000088600000, 0x00000000d6600000)
  object space 86016K, 0% used [0x0000000083200000,0x0000000083200000,0x0000000088600000)
 Metaspace       used 784K, capacity 1156K, committed 1408K, reserved 1060864K
  class space    used 74K, capacity 384K, committed 384K, reserved 1048576K

Card table byte_map: [0x0000000012440000,0x0000000012830000] byte_map_base: 0x0000000012027000

Marking Bits: (ParMarkBitMap*) 0x000000006ada9f30
 Begin Bits: [0x00000000134d0000, 0x0000000015408000)
 End Bits:   [0x0000000015408000, 0x0000000017340000)

Polling page: 0x0000000001530000

CodeCache: size=245760Kb used=328Kb max_used=328Kb free=245431Kb
 bounds [0x0000000003080000, 0x00000000032f0000, 0x0000000012080000]
 total_blobs=57 nmethods=0 adapters=38
 compilation: enabled

Compilation events (0 events):
No events

GC Heap History (0 events):
No events

Deoptimization events (0 events):
No events

Classes redefined (0 events):
No events

Internal exceptions (0 events):
No events

Events (10 events):
Event: 0.153 loading class java/lang/Short
Event: 0.153 loading class java/lang/Short done
Event: 0.153 loading class java/lang/Integer
Event: 0.153 loading class java/lang/Integer done
Event: 0.153 loading class java/lang/Long
Event: 0.153 loading class java/lang/Long done
Event: 0.154 loading class java/lang/NullPointerException
Event: 0.154 loading class java/lang/NullPointerException done
Event: 0.154 loading class java/lang/ArithmeticException
Event: 0.154 loading class java/lang/ArithmeticException done


Dynamic libraries:
0x00007ff77ca60000 - 0x00007ff77ca91000 	C:\Program Files\JetBrains\IntelliJ IDEA 2019.1.2\jre64\bin\java.exe
0x00007ff862bb0000 - 0x00007ff862da8000 	C:\WINDOWS\SYSTEM32\ntdll.dll
0x00007ff861a80000 - 0x00007ff861b3d000 	C:\WINDOWS\System32\KERNEL32.DLL
0x00007ff860800000 - 0x00007ff860af6000 	C:\WINDOWS\System32\KERNELBASE.dll
0x00007ff862a70000 - 0x00007ff862b23000 	C:\WINDOWS\System32\ADVAPI32.dll
0x00007ff861400000 - 0x00007ff86149e000 	C:\WINDOWS\System32\msvcrt.dll
0x00007ff862850000 - 0x00007ff8628ef000 	C:\WINDOWS\System32\sechost.dll
0x00007ff860cc0000 - 0x00007ff860de6000 	C:\WINDOWS\System32\RPCRT4.dll
0x00007ff860510000 - 0x00007ff860537000 	C:\WINDOWS\System32\bcrypt.dll
0x00007ff861260000 - 0x00007ff8613fe000 	C:\WINDOWS\System32\USER32.dll
0x00007ff860b00000 - 0x00007ff860b22000 	C:\WINDOWS\System32\win32u.dll
0x00007ff8614a0000 - 0x00007ff8614cb000 	C:\WINDOWS\System32\GDI32.dll
0x00007ff860640000 - 0x00007ff860757000 	C:\WINDOWS\System32\gdi32full.dll
0x00007ff860760000 - 0x00007ff8607fd000 	C:\WINDOWS\System32\msvcp_win.dll
0x00007ff860540000 - 0x00007ff860640000 	C:\WINDOWS\System32\ucrtbase.dll
0x00007ff83e6b0000 - 0x00007ff83e94a000 	C:\WINDOWS\WinSxS\amd64_microsoft.windows.common-controls_6595b64144ccf1df_6.0.19041.3636_none_60b6a03d71f818d5\COMCTL32.dll
0x00007ff862b30000 - 0x00007ff862b62000 	C:\WINDOWS\System32\IMM32.DLL
0x000000006b210000 - 0x000000006b2e2000 	C:\Program Files\JetBrains\IntelliJ IDEA 2019.1.2\jre64\bin\msvcr100.dll
0x000000006a5e0000 - 0x000000006ae26000 	C:\Program Files\JetBrains\IntelliJ IDEA 2019.1.2\jre64\bin\server\jvm.dll
0x00007ff862a60000 - 0x00007ff862a68000 	C:\WINDOWS\System32\PSAPI.DLL
0x00007ff843e00000 - 0x00007ff843e09000 	C:\WINDOWS\SYSTEM32\WSOCK32.dll
0x00007ff84ae40000 - 0x00007ff84ae67000 	C:\WINDOWS\SYSTEM32\WINMM.dll
0x00007ff855a10000 - 0x00007ff855a1a000 	C:\WINDOWS\SYSTEM32\VERSION.dll
0x00007ff8628f0000 - 0x00007ff86295b000 	C:\WINDOWS\System32\WS2_32.dll
0x00007fffc14b0000 - 0x00007fffc14bf000 	C:\Program Files\JetBrains\IntelliJ IDEA 2019.1.2\jre64\bin\verify.dll
0x00007fffc1480000 - 0x00007fffc14a9000 	C:\Program Files\JetBrains\IntelliJ IDEA 2019.1.2\jre64\bin\java.dll
0x00007fffc1430000 - 0x00007fffc1446000 	C:\Program Files\JetBrains\IntelliJ IDEA 2019.1.2\jre64\bin\zip.dll

VM Arguments:
java_command: org.jetbrains.git4idea.http.GitAskPassApp Password for 'https://github.com': 
java_class_path (initial): C:/Program Files/JetBrains/IntelliJ IDEA 2019.1.2/plugins/git4idea/lib/git4idea-rt.jar;C:/Program Files/JetBrains/IntelliJ IDEA 2019.1.2/lib/xmlrpc-2.0.1.jar;C:/Program Files/JetBrains/IntelliJ IDEA 2019.1.2/lib/commons-codec-1.10.jar;C:/Program Files/JetBrains/IntelliJ IDEA 2019.1.2/lib/util.jar
Launcher Type: SUN_STANDARD

Environment Variables:
PATH=C:/Program Files/Git/mingw64/libexec/git-core;C:/Program Files/Git/mingw64/libexec/git-core;C:\Program Files\Git\mingw64\bin;C:\Program Files\Git\usr\bin;C:\Users\DELL Gaming\bin;D:\app\Gaming\product\11.2.0\dbhome_1\bin;C:\oraclexe\app\oracle\product\11.2.0\server\bin;C:\Program Files (x86)\Common Files\Oracle\Java\javapath;C:\WINDOWS\system32;C:\WINDOWS;C:\WINDOWS\System32\Wbem;C:\WINDOWS\System32\WindowsPowerShell\v1.0\;C:\WINDOWS\System32\OpenSSH\;C:\Program Files\Git\cmd;C:\Program Files\Microsoft VS Code\bin;C:\xampp\php;C:\ProgramData\ComposerSetup\bin;C:\Program Files\Java\jdk1.8.0_281\bin;C:\Program Files\Docker\Docker\resources\bin;%NVM_HOME%;%NVM_SYMLINK%;C:\Users\DELL Gaming\AppData\Local\Programs\Python\Python311\Scripts\;C:\Users\DELL Gaming\AppData\Local\Programs\Python\Python311\;C:\Program Files\Java\jdk1.8.0_281\bin;D:\app\Gaming\product\11.2.0\dbhome_1\bin;C:\oraclexe\app\oracle\product\11.2.0\server\bin;C:\Program Files (x86)\Common Files\Oracle\Java\javapath;C:\WINDOWS\system32;C:\WINDOWS;C:\WINDOWS\System32\Wbem;C:\WINDOWS\System32\WindowsPowerShell\v1.0\;C:\WINDOWS\System32\OpenSSH\;C:\Program Files\Git\cmd;C:\Program Files\Microsoft VS Code\bin;C:\xampp\php;C:\ProgramData\ComposerSetup\bin;C:\Program Files\Java\jdk1.8.0_281\bin;C:\Program Files\Docker\Docker\resources\bin;%NVM_HOME%;%NVM_SYMLINK%;C:\Program Files\JetBrains\IntelliJ IDEA 2019.1.2\bin;;C:\Program Files\JetBrains\WebStorm 2019.2.3\bin;;C:\Users\DELL Gaming\AppData\Roaming\npm;C:\Users\DELL Gaming\AppData\Roaming\Composer\vendor\bin;C:\Program Files\JetBrains\PyCharm Community Edition 2022.2.3\bin;;C:\Users\chromedriver;E:\flutter\flutter\bin;C:\maven\apache-maven-3.6.3\bin;E:\mavene\apache-maven-3.6.3\bin;C:\Users\DELL Gaming\AppData\Roaming\nvm;C:\Program Files\nodejs
USERNAME=Gaming
DISPLAY=:0.0
OS=Windows_NT
PROCESSOR_IDENTIFIER=Intel64 Family 6 Model 165 Stepping 2, GenuineIntel



---------------  S Y S T E M  ---------------

OS: Windows 10.0 , 64 bit Build 19041 (10.0.19041.3636)

CPU:total 12 (initial active 12) (6 cores per cpu, 2 threads per core) family 6 model 165 stepping 2, cmov, cx8, fxsr, mmx, sse, sse2, sse3, ssse3, sse4.1, sse4.2, popcnt, avx, avx2, aes, clmul, erms, 3dnowpref, lzcnt, ht, tsc, tscinvbit, bmi1, bmi2, adx

Memory: 4k page, physical 8177344k(1272428k free), swap 22814404k(10220k free)

vm_info: OpenJDK 64-Bit Server VM (25.202-b49) for windows-amd64 JRE (1.8.0_202-release-1483-b49), built on Apr 10 2019 16:54:32 by "builduser" with MS VC++ 10.0 (VS2010)

time: Thu Feb 29 16:17:08 2024
timezone: Temps universel coordonné
elapsed time: 0 seconds (0d 0h 0m 0s)

