#
# There is insufficient memory for the Java Runtime Environment to continue.
# Native memory allocation (malloc) failed to allocate 32744 bytes for ChunkPool::allocate
# Possible reasons:
#   The system is out of physical RAM or swap space
#   The process is running with CompressedOops enabled, and the Java Heap may be blocking the growth of the native heap
# Possible solutions:
#   Reduce memory load on the system
#   Increase physical memory or swap space
#   Check if swap backing store is full
#   Decrease Java heap size (-Xmx/-Xms)
#   Decrease number of Java threads
#   Decrease Java thread stack sizes (-Xss)
#   Set larger code cache with -XX:ReservedCodeCacheSize=
#   JVM is running with Unscaled Compressed Oops mode in which the Java heap is
#     placed in the first 4GB address space. The Java Heap base address is the
#     maximum limit for the native heap growth. Please use -XX:HeapBaseMinAddress
#     to set the Java Heap base and to place the Java Heap above 4GB virtual address.
# This output file may be truncated or incomplete.
#
#  Out of Memory Error (allocation.cpp:272), pid=17292, tid=0x0000000000002aac
#
# JRE version: Java(TM) SE Runtime Environment (8.0_281-b09) (build 1.8.0_281-b09)
# Java VM: Java HotSpot(TM) 64-Bit Server VM (25.281-b09 mixed mode windows-amd64 compressed oops)
# Failed to write core dump. Minidumps are not enabled by default on client versions of Windows
#

---------------  T H R E A D  ---------------

Current thread (0x00000147efe12000):  VMThread [stack: 0x000000469b700000,0x000000469b800000] [id=10924]

Stack: [0x000000469b700000,0x000000469b800000]
Native frames: (J=compiled Java code, j=interpreted, Vv=VM code, C=native code)
V  [jvm.dll+0x32e5b9]

VM_Operation (0x000000469c5f7cb0): CollectForMetadataAllocation, mode: safepoint, requested by thread 0x00000147f2676000


---------------  P R O C E S S  ---------------

Java Threads: ( => current thread )
  0x00000147f477f800 JavaThread "HikariPool-1 connection adder" daemon [_thread_blocked, id=3940, stack(0x000000469ce00000,0x000000469cf00000)]
  0x00000147f477c800 JavaThread "HikariPool-1 housekeeper" daemon [_thread_blocked, id=18812, stack(0x000000469cd00000,0x000000469ce00000)]
  0x00000147f4530000 JavaThread "mysql-cj-abandoned-connection-cleanup" daemon [_thread_blocked, id=6044, stack(0x000000469cb00000,0x000000469cc00000)]
  0x00000147f4518000 JavaThread "container-0" [_thread_blocked, id=9408, stack(0x000000469ca00000,0x000000469cb00000)]
  0x00000147f44e8800 JavaThread "Catalina-utility-2" [_thread_blocked, id=18288, stack(0x000000469c900000,0x000000469ca00000)]
  0x00000147f44d7800 JavaThread "Catalina-utility-1" [_thread_blocked, id=14992, stack(0x000000469c800000,0x000000469c900000)]
  0x00000147f415f800 JavaThread "RMI Scheduler(0)" daemon [_thread_blocked, id=8560, stack(0x000000469c700000,0x000000469c800000)]
  0x00000147f415b800 JavaThread "RMI TCP Connection(1)-192.168.100.4" daemon [_thread_blocked, id=20876, stack(0x000000469c600000,0x000000469c700000)]
  0x00000147f2676000 JavaThread "restartedMain" [_thread_blocked, id=2396, stack(0x000000469c500000,0x000000469c600000)]
  0x00000147f2674800 JavaThread "Thread-1" [_thread_blocked, id=20728, stack(0x000000469c400000,0x000000469c500000)]
  0x00000147f2a24000 JavaThread "RMI TCP Accept-0" daemon [_thread_in_native, id=15044, stack(0x000000469c200000,0x000000469c300000)]
  0x00000147f27c0800 JavaThread "Service Thread" daemon [_thread_blocked, id=16104, stack(0x000000469c100000,0x000000469c200000)]
  0x00000147f2725000 JavaThread "C1 CompilerThread3" daemon [_thread_blocked, id=9560, stack(0x000000469c000000,0x000000469c100000)]
  0x00000147f2724800 JavaThread "C2 CompilerThread2" daemon [_thread_blocked, id=5752, stack(0x000000469bf00000,0x000000469c000000)]
  0x00000147f2720800 JavaThread "C2 CompilerThread1" daemon [_thread_blocked, id=21540, stack(0x000000469be00000,0x000000469bf00000)]
  0x00000147f271a000 JavaThread "C2 CompilerThread0" daemon [_thread_blocked, id=18512, stack(0x000000469bd00000,0x000000469be00000)]
  0x00000147f2714800 JavaThread "Monitor Ctrl-Break" daemon [_thread_in_native, id=11560, stack(0x000000469bc00000,0x000000469bd00000)]
  0x00000147efe6a800 JavaThread "Attach Listener" daemon [_thread_blocked, id=20064, stack(0x000000469bb00000,0x000000469bc00000)]
  0x00000147efe6a000 JavaThread "Signal Dispatcher" daemon [_thread_blocked, id=5456, stack(0x000000469ba00000,0x000000469bb00000)]
  0x00000147efe42000 JavaThread "Finalizer" daemon [_thread_blocked, id=20252, stack(0x000000469b900000,0x000000469ba00000)]
  0x00000147efe3a800 JavaThread "Reference Handler" daemon [_thread_blocked, id=22432, stack(0x000000469b800000,0x000000469b900000)]
  0x00000147d9d01800 JavaThread "main" [_thread_blocked, id=10820, stack(0x000000469ac00000,0x000000469ad00000)]

Other Threads:
=>0x00000147efe12000 VMThread [stack: 0x000000469b700000,0x000000469b800000] [id=10924]
  0x00000147f2a32800 WatcherThread [stack: 0x000000469c300000,0x000000469c400000] [id=2392]

VM state:at safepoint (normal execution)

VM Mutex/Monitor currently owned by a thread:  ([mutex/lock_event])
[0x00000147d9d00320] Threads_lock - owner thread: 0x00000147efe12000
[0x00000147d9cffc20] Heap_lock - owner thread: 0x00000147f2676000

heap address: 0x0000000083200000, size: 1998 MB, Compressed Oops mode: 32-bit
Narrow klass base: 0x0000000000000000, Narrow klass shift: 3
Compressed class space size: 1073741824 Address: 0x0000000100000000

Heap:
 PSYoungGen      total 192000K, used 0K [0x00000000d6600000, 0x00000000e3100000, 0x0000000100000000)
  eden space 178688K, 0% used [0x00000000d6600000,0x00000000d6600000,0x00000000e1480000)
  from space 13312K, 0% used [0x00000000e1700000,0x00000000e1700000,0x00000000e2400000)
  to   space 9728K, 0% used [0x00000000e2780000,0x00000000e2780000,0x00000000e3100000)
 ParOldGen       total 72192K, used 17443K [0x0000000083200000, 0x0000000087880000, 0x00000000d6600000)
  object space 72192K, 24% used [0x0000000083200000,0x0000000084308ef0,0x0000000087880000)
 Metaspace       used 43968K, capacity 46424K, committed 46720K, reserved 1099776K
  class space    used 6203K, capacity 6654K, committed 6784K, reserved 1048576K

Card table byte_map: [0x00000147eaa70000,0x00000147eae60000] byte_map_base: 0x00000147ea657000

Marking Bits: (ParMarkBitMap*) 0x0000000059796ff0
 Begin Bits: [0x00000147eb100000, 0x00000147ed038000)
 End Bits:   [0x00000147ed038000, 0x00000147eef70000)

Polling page: 0x00000147db680000

CodeCache: size=245760Kb used=7358Kb max_used=7358Kb free=238401Kb
 bounds [0x00000147db6b0000, 0x00000147dbde0000, 0x00000147ea6b0000]
 total_blobs=4187 nmethods=3667 adapters=432
 compilation: enabled

Compilation events (10 events):
Event: 6.631 Thread 0x00000147f2725000 3663   !   1       org.springframework.beans.factory.annotation.InitDestroyAnnotationBeanPostProcessor::findLifecycleMetadata (87 bytes)
Event: 6.631 Thread 0x00000147f2725000 nmethod 3663 0x00000147dbdde410 code [0x00000147dbdde5c0, 0x00000147dbddea10]
Event: 6.633 Thread 0x00000147f2725000 3664       1       org.springframework.beans.GenericTypeAwarePropertyDescriptor::getWriteMethod (5 bytes)
Event: 6.633 Thread 0x00000147f2725000 nmethod 3664 0x00000147dbddec50 code [0x00000147dbddeda0, 0x00000147dbddeeb8]
Event: 6.633 Thread 0x00000147f2725000 3665       1       org.springframework.beans.factory.support.AbstractAutowireCapableBeanFactory::getParameterNameDiscoverer (5 bytes)
Event: 6.633 Thread 0x00000147f2725000 nmethod 3665 0x00000147dbddef10 code [0x00000147dbddf060, 0x00000147dbddf178]
Event: 6.633 Thread 0x00000147f2725000 3666       1       org.springframework.asm.MethodVisitor::visitInsn (16 bytes)
Event: 6.633 Thread 0x00000147f2725000 nmethod 3666 0x00000147dbddf1d0 code [0x00000147dbddf320, 0x00000147dbddf470]
Event: 6.633 Thread 0x00000147f2725000 3667       1       org.springframework.asm.MethodVisitor::visitVarInsn (17 bytes)
Event: 6.633 Thread 0x00000147f2725000 nmethod 3667 0x00000147dbddf510 code [0x00000147dbddf660, 0x00000147dbddf7b0]

GC Heap History (10 events):
Event: 6.690 GC heap after
Heap after GC invocations=18 (full 5):
 PSYoungGen      total 192000K, used 567K [0x00000000d6600000, 0x00000000e3100000, 0x0000000100000000)
  eden space 178688K, 0% used [0x00000000d6600000,0x00000000d6600000,0x00000000e1480000)
  from space 13312K, 4% used [0x00000000e1700000,0x00000000e178ddf0,0x00000000e2400000)
  to   space 9728K, 0% used [0x00000000e2780000,0x00000000e2780000,0x00000000e3100000)
 ParOldGen       total 72192K, used 17681K [0x0000000083200000, 0x0000000087880000, 0x00000000d6600000)
  object space 72192K, 24% used [0x0000000083200000,0x0000000084344590,0x0000000087880000)
 Metaspace       used 43968K, capacity 46424K, committed 46720K, reserved 1099776K
  class space    used 6203K, capacity 6654K, committed 6784K, reserved 1048576K
}
Event: 6.690 GC heap before
{Heap before GC invocations=19 (full 6):
 PSYoungGen      total 192000K, used 567K [0x00000000d6600000, 0x00000000e3100000, 0x0000000100000000)
  eden space 178688K, 0% used [0x00000000d6600000,0x00000000d6600000,0x00000000e1480000)
  from space 13312K, 4% used [0x00000000e1700000,0x00000000e178ddf0,0x00000000e2400000)
  to   space 9728K, 0% used [0x00000000e2780000,0x00000000e2780000,0x00000000e3100000)
 ParOldGen       total 72192K, used 17681K [0x0000000083200000, 0x0000000087880000, 0x00000000d6600000)
  object space 72192K, 24% used [0x0000000083200000,0x0000000084344590,0x0000000087880000)
 Metaspace       used 43968K, capacity 46424K, committed 46720K, reserved 1099776K
  class space    used 6203K, capacity 6654K, committed 6784K, reserved 1048576K
Event: 6.802 GC heap after
Heap after GC invocations=19 (full 6):
 PSYoungGen      total 192000K, used 0K [0x00000000d6600000, 0x00000000e3100000, 0x0000000100000000)
  eden space 178688K, 0% used [0x00000000d6600000,0x00000000d6600000,0x00000000e1480000)
  from space 13312K, 0% used [0x00000000e1700000,0x00000000e1700000,0x00000000e2400000)
  to   space 9728K, 0% used [0x00000000e2780000,0x00000000e2780000,0x00000000e3100000)
 ParOldGen       total 72192K, used 17629K [0x0000000083200000, 0x0000000087880000, 0x00000000d6600000)
  object space 72192K, 24% used [0x0000000083200000,0x0000000084337620,0x0000000087880000)
 Metaspace       used 43968K, capacity 46424K, committed 46720K, reserved 1095680K
  class space    used 6203K, capacity 6654K, committed 6784K, reserved 1048576K
}
Event: 6.803 GC heap before
{Heap before GC invocations=20 (full 6):
 PSYoungGen      total 192000K, used 0K [0x00000000d6600000, 0x00000000e3100000, 0x0000000100000000)
  eden space 178688K, 0% used [0x00000000d6600000,0x00000000d6600000,0x00000000e1480000)
  from space 13312K, 0% used [0x00000000e1700000,0x00000000e1700000,0x00000000e2400000)
  to   space 9728K, 0% used [0x00000000e2780000,0x00000000e2780000,0x00000000e3100000)
 ParOldGen       total 72192K, used 17629K [0x0000000083200000, 0x0000000087880000, 0x00000000d6600000)
  object space 72192K, 24% used [0x0000000083200000,0x0000000084337620,0x0000000087880000)
 Metaspace       used 43968K, capacity 46424K, committed 46720K, reserved 1099776K
  class space    used 6203K, capacity 6654K, committed 6784K, reserved 1048576K
Event: 6.805 GC heap after
Heap after GC invocations=20 (full 6):
 PSYoungGen      total 188416K, used 0K [0x00000000d6600000, 0x00000000e3100000, 0x0000000100000000)
  eden space 178688K, 0% used [0x00000000d6600000,0x00000000d6600000,0x00000000e1480000)
  from space 9728K, 0% used [0x00000000e2780000,0x00000000e2780000,0x00000000e3100000)
  to   space 13312K, 0% used [0x00000000e1700000,0x00000000e1700000,0x00000000e2400000)
 ParOldGen       total 72192K, used 17629K [0x0000000083200000, 0x0000000087880000, 0x00000000d6600000)
  object space 72192K, 24% used [0x0000000083200000,0x0000000084337620,0x0000000087880000)
 Metaspace       used 43968K, capacity 46424K, committed 46720K, reserved 1099776K
  class space    used 6203K, capacity 6654K, committed 6784K, reserved 1048576K
}
Event: 6.805 GC heap before
{Heap before GC invocations=21 (full 7):
 PSYoungGen      total 188416K, used 0K [0x00000000d6600000, 0x00000000e3100000, 0x0000000100000000)
  eden space 178688K, 0% used [0x00000000d6600000,0x00000000d6600000,0x00000000e1480000)
  from space 9728K, 0% used [0x00000000e2780000,0x00000000e2780000,0x00000000e3100000)
  to   space 13312K, 0% used [0x00000000e1700000,0x00000000e1700000,0x00000000e2400000)
 ParOldGen       total 72192K, used 17629K [0x0000000083200000, 0x0000000087880000, 0x00000000d6600000)
  object space 72192K, 24% used [0x0000000083200000,0x0000000084337620,0x0000000087880000)
 Metaspace       used 43968K, capacity 46424K, committed 46720K, reserved 1099776K
  class space    used 6203K, capacity 6654K, committed 6784K, reserved 1048576K
Event: 6.829 GC heap after
Heap after GC invocations=21 (full 7):
 PSYoungGen      total 188416K, used 0K [0x00000000d6600000, 0x00000000e3100000, 0x0000000100000000)
  eden space 178688K, 0% used [0x00000000d6600000,0x00000000d6600000,0x00000000e1480000)
  from space 9728K, 0% used [0x00000000e2780000,0x00000000e2780000,0x00000000e3100000)
  to   space 13312K, 0% used [0x00000000e1700000,0x00000000e1700000,0x00000000e2400000)
 ParOldGen       total 72192K, used 17443K [0x0000000083200000, 0x0000000087880000, 0x00000000d6600000)
  object space 72192K, 24% used [0x0000000083200000,0x0000000084308ef0,0x0000000087880000)
 Metaspace       used 43968K, capacity 46424K, committed 46720K, reserved 1095680K
  class space    used 6203K, capacity 6654K, committed 6784K, reserved 1048576K
}
Event: 6.830 GC heap before
{Heap before GC invocations=22 (full 7):
 PSYoungGen      total 188416K, used 0K [0x00000000d6600000, 0x00000000e3100000, 0x0000000100000000)
  eden space 178688K, 0% used [0x00000000d6600000,0x00000000d6600000,0x00000000e1480000)
  from space 9728K, 0% used [0x00000000e2780000,0x00000000e2780000,0x00000000e3100000)
  to   space 13312K, 0% used [0x00000000e1700000,0x00000000e1700000,0x00000000e2400000)
 ParOldGen       total 72192K, used 17443K [0x0000000083200000, 0x0000000087880000, 0x00000000d6600000)
  object space 72192K, 24% used [0x0000000083200000,0x0000000084308ef0,0x0000000087880000)
 Metaspace       used 43968K, capacity 46424K, committed 46720K, reserved 1099776K
  class space    used 6203K, capacity 6654K, committed 6784K, reserved 1048576K
Event: 6.831 GC heap after
Heap after GC invocations=22 (full 7):
 PSYoungGen      total 192000K, used 0K [0x00000000d6600000, 0x00000000e3100000, 0x0000000100000000)
  eden space 178688K, 0% used [0x00000000d6600000,0x00000000d6600000,0x00000000e1480000)
  from space 13312K, 0% used [0x00000000e1700000,0x00000000e1700000,0x00000000e2400000)
  to   space 9728K, 0% used [0x00000000e2780000,0x00000000e2780000,0x00000000e3100000)
 ParOldGen       total 72192K, used 17443K [0x0000000083200000, 0x0000000087880000, 0x00000000d6600000)
  object space 72192K, 24% used [0x0000000083200000,0x0000000084308ef0,0x0000000087880000)
 Metaspace       used 43968K, capacity 46424K, committed 46720K, reserved 1099776K
  class space    used 6203K, capacity 6654K, committed 6784K, reserved 1048576K
}
Event: 6.831 GC heap before
{Heap before GC invocations=23 (full 8):
 PSYoungGen      total 192000K, used 0K [0x00000000d6600000, 0x00000000e3100000, 0x0000000100000000)
  eden space 178688K, 0% used [0x00000000d6600000,0x00000000d6600000,0x00000000e1480000)
  from space 13312K, 0% used [0x00000000e1700000,0x00000000e1700000,0x00000000e2400000)
  to   space 9728K, 0% used [0x00000000e2780000,0x00000000e2780000,0x00000000e3100000)
 ParOldGen       total 72192K, used 17443K [0x0000000083200000, 0x0000000087880000, 0x00000000d6600000)
  object space 72192K, 24% used [0x0000000083200000,0x0000000084308ef0,0x0000000087880000)
 Metaspace       used 43968K, capacity 46424K, committed 46720K, reserved 1099776K
  class space    used 6203K, capacity 6654K, committed 6784K, reserved 1048576K

Deoptimization events (0 events):
No events

Classes redefined (0 events):
No events

Internal exceptions (10 events):
Event: 6.624 Thread 0x00000147f2676000 Exception <a 'java/lang/ClassNotFoundException': org/springframework/beans/factory/config/PropertiesFactoryBeanCustomizer> (0x00000000d69d4b60) thrown at [C:\jenkins\workspace\8-2-build-windows-amd64-cygwin\jdk8u281\880\hotspot\src\share\vm\classfile\syst
Event: 6.624 Thread 0x00000147f2676000 Exception <a 'java/lang/ArrayIndexOutOfBoundsException'> (0x00000000d69d7c98) thrown at [C:\jenkins\workspace\8-2-build-windows-amd64-cygwin\jdk8u281\880\hotspot\src\share\vm\runtime\sharedRuntime.cpp, line 609]
Event: 6.624 Thread 0x00000147f2676000 Exception <a 'java/lang/ArrayIndexOutOfBoundsException'> (0x00000000d69da348) thrown at [C:\jenkins\workspace\8-2-build-windows-amd64-cygwin\jdk8u281\880\hotspot\src\share\vm\runtime\sharedRuntime.cpp, line 609]
Event: 6.624 Thread 0x00000147f2676000 Exception <a 'java/lang/ClassNotFoundException': org/springframework/beans/factory/FactoryBeanCustomizer> (0x00000000d6a05338) thrown at [C:\jenkins\workspace\8-2-build-windows-amd64-cygwin\jdk8u281\880\hotspot\src\share\vm\classfile\systemDictionary.cpp,
Event: 6.625 Thread 0x00000147f2676000 Exception <a 'java/lang/ClassNotFoundException': org/springframework/beans/factory/InitializingBeanCustomizer> (0x00000000d6a23a60) thrown at [C:\jenkins\workspace\8-2-build-windows-amd64-cygwin\jdk8u281\880\hotspot\src\share\vm\classfile\systemDictionary
Event: 6.627 Thread 0x00000147f2676000 Exception <a 'java/lang/ArrayIndexOutOfBoundsException'> (0x00000000d6a714c0) thrown at [C:\jenkins\workspace\8-2-build-windows-amd64-cygwin\jdk8u281\880\hotspot\src\share\vm\runtime\sharedRuntime.cpp, line 609]
Event: 6.627 Thread 0x00000147f2676000 Exception <a 'java/lang/ArrayIndexOutOfBoundsException'> (0x00000000d6a735d0) thrown at [C:\jenkins\workspace\8-2-build-windows-amd64-cygwin\jdk8u281\880\hotspot\src\share\vm\runtime\sharedRuntime.cpp, line 609]
Event: 6.629 Thread 0x00000147f2676000 Exception <a 'java/lang/ArrayIndexOutOfBoundsException'> (0x00000000d6aa1270) thrown at [C:\jenkins\workspace\8-2-build-windows-amd64-cygwin\jdk8u281\880\hotspot\src\share\vm\runtime\sharedRuntime.cpp, line 609]
Event: 6.629 Thread 0x00000147f2676000 Exception <a 'java/lang/ArrayIndexOutOfBoundsException'> (0x00000000d6aa4080) thrown at [C:\jenkins\workspace\8-2-build-windows-amd64-cygwin\jdk8u281\880\hotspot\src\share\vm\runtime\sharedRuntime.cpp, line 609]
Event: 6.632 Thread 0x00000147f2676000 Exception <a 'java/lang/ArrayIndexOutOfBoundsException'> (0x00000000d6af40b0) thrown at [C:\jenkins\workspace\8-2-build-windows-amd64-cygwin\jdk8u281\880\hotspot\src\share\vm\runtime\sharedRuntime.cpp, line 609]

Events (10 events):
Event: 6.687 loading class org/hibernate/MultiIdentifierLoadAccess done
Event: 6.687 loading class org/hibernate/SQLQuery
Event: 6.687 loading class org/hibernate/SQLQuery done
Event: 6.687 loading class org/hibernate/SynchronizeableQuery
Event: 6.687 loading class org/hibernate/SynchronizeableQuery done
Event: 6.688 loading class org/hibernate/query/NativeQuery
Event: 6.688 loading class org/hibernate/query/NativeQuery done
Event: 6.689 Executing VM operation: CollectForMetadataAllocation
Event: 6.802 Executing VM operation: CollectForMetadataAllocation done
Event: 6.802 Executing VM operation: CollectForMetadataAllocation


Dynamic libraries:
0x00007ff6ec460000 - 0x00007ff6ec4a7000 	C:\Program Files\Java\jdk1.8.0_281\bin\java.exe
0x00007ffdf45b0000 - 0x00007ffdf47a8000 	C:\WINDOWS\SYSTEM32\ntdll.dll
0x00007ffdf3950000 - 0x00007ffdf3a0d000 	C:\WINDOWS\System32\KERNEL32.DLL
0x00007ffdf1fc0000 - 0x00007ffdf22b6000 	C:\WINDOWS\System32\KERNELBASE.dll
0x00007ffdf3fb0000 - 0x00007ffdf405e000 	C:\WINDOWS\System32\ADVAPI32.dll
0x00007ffdf38b0000 - 0x00007ffdf394e000 	C:\WINDOWS\System32\msvcrt.dll
0x00007ffdf3660000 - 0x00007ffdf36fc000 	C:\WINDOWS\System32\sechost.dll
0x00007ffdf3e80000 - 0x00007ffdf3fa6000 	C:\WINDOWS\System32\RPCRT4.dll
0x00007ffdf3b50000 - 0x00007ffdf3cee000 	C:\WINDOWS\System32\USER32.dll
0x00007ffdf1c90000 - 0x00007ffdf1cb2000 	C:\WINDOWS\System32\win32u.dll
0x00007ffdf4330000 - 0x00007ffdf435c000 	C:\WINDOWS\System32\GDI32.dll
0x00007ffdf2310000 - 0x00007ffdf242a000 	C:\WINDOWS\System32\gdi32full.dll
0x00007ffdf2570000 - 0x00007ffdf260d000 	C:\WINDOWS\System32\msvcp_win.dll
0x00007ffdf1e90000 - 0x00007ffdf1f90000 	C:\WINDOWS\System32\ucrtbase.dll
0x00007ffdcfb60000 - 0x00007ffdcfdfa000 	C:\WINDOWS\WinSxS\amd64_microsoft.windows.common-controls_6595b64144ccf1df_6.0.19041.1110_none_60b5254171f9507e\COMCTL32.dll
0x00007ffdf3880000 - 0x00007ffdf38b0000 	C:\WINDOWS\System32\IMM32.DLL
0x00007ffddc950000 - 0x00007ffddc965000 	C:\Program Files\Java\jdk1.8.0_281\jre\bin\vcruntime140.dll
0x00007ffdc3550000 - 0x00007ffdc35eb000 	C:\Program Files\Java\jdk1.8.0_281\jre\bin\msvcp140.dll
0x0000000058fb0000 - 0x000000005980f000 	C:\Program Files\Java\jdk1.8.0_281\jre\bin\server\jvm.dll
0x00007ffdf3e70000 - 0x00007ffdf3e78000 	C:\WINDOWS\System32\PSAPI.DLL
0x00007ffde6d10000 - 0x00007ffde6d1a000 	C:\WINDOWS\SYSTEM32\VERSION.dll
0x00007ffdd52c0000 - 0x00007ffdd52c9000 	C:\WINDOWS\SYSTEM32\WSOCK32.dll
0x00007ffddb0e0000 - 0x00007ffddb107000 	C:\WINDOWS\SYSTEM32\WINMM.dll
0x00007ffdf3a10000 - 0x00007ffdf3a7b000 	C:\WINDOWS\System32\WS2_32.dll
0x00007ffdf0470000 - 0x00007ffdf0482000 	C:\WINDOWS\SYSTEM32\kernel.appcore.dll
0x00007ffde66b0000 - 0x00007ffde66c0000 	C:\Program Files\Java\jdk1.8.0_281\jre\bin\verify.dll
0x00007ffdd5ac0000 - 0x00007ffdd5aeb000 	C:\Program Files\Java\jdk1.8.0_281\jre\bin\java.dll
0x00007ffdc3520000 - 0x00007ffdc3550000 	C:\Program Files\Java\jdk1.8.0_281\jre\bin\instrument.dll
0x00007ffdda030000 - 0x00007ffdda048000 	C:\Program Files\Java\jdk1.8.0_281\jre\bin\zip.dll
0x00007ffdf2b00000 - 0x00007ffdf3245000 	C:\WINDOWS\System32\SHELL32.dll
0x00007ffdefcc0000 - 0x00007ffdf045b000 	C:\WINDOWS\SYSTEM32\windows.storage.dll
0x00007ffdf3300000 - 0x00007ffdf3654000 	C:\WINDOWS\System32\combase.dll
0x00007ffdf15f0000 - 0x00007ffdf161e000 	C:\WINDOWS\SYSTEM32\Wldp.dll
0x00007ffdf3250000 - 0x00007ffdf32fd000 	C:\WINDOWS\System32\SHCORE.dll
0x00007ffdf4360000 - 0x00007ffdf43b5000 	C:\WINDOWS\System32\shlwapi.dll
0x00007ffdf1bc0000 - 0x00007ffdf1be5000 	C:\WINDOWS\SYSTEM32\profapi.dll
0x00007ffddb6b0000 - 0x00007ffddb6ca000 	C:\Program Files\JetBrains\IntelliJ IDEA 2019.1.2\bin\breakgen64.dll
0x00007ffdd99e0000 - 0x00007ffdd99fc000 	C:\Program Files\Java\jdk1.8.0_281\jre\bin\net.dll
0x00007ffdf13d0000 - 0x00007ffdf143a000 	C:\WINDOWS\system32\mswsock.dll
0x00007ffdf10e0000 - 0x00007ffdf11aa000 	C:\WINDOWS\SYSTEM32\DNSAPI.dll
0x00007ffdf1090000 - 0x00007ffdf10cb000 	C:\WINDOWS\SYSTEM32\IPHLPAPI.DLL
0x00007ffdf4320000 - 0x00007ffdf4328000 	C:\WINDOWS\System32\NSI.dll
0x00007ffde6d00000 - 0x00007ffde6d0a000 	C:\Windows\System32\rasadhlp.dll
0x00007ffde5fd0000 - 0x00007ffde6052000 	C:\WINDOWS\System32\fwpuclnt.dll
0x00007ffdf1f90000 - 0x00007ffdf1fb7000 	C:\WINDOWS\System32\bcrypt.dll
0x00007ffde9e50000 - 0x00007ffde9e5d000 	C:\Program Files\Java\jdk1.8.0_281\jre\bin\management.dll
0x00007ffdd35f0000 - 0x00007ffdd3603000 	C:\Program Files\Java\jdk1.8.0_281\jre\bin\nio.dll
0x00007ffdf1630000 - 0x00007ffdf1648000 	C:\WINDOWS\SYSTEM32\CRYPTSP.dll
0x00007ffdf0c90000 - 0x00007ffdf0cc4000 	C:\WINDOWS\system32\rsaenh.dll
0x00007ffdf1b80000 - 0x00007ffdf1bae000 	C:\WINDOWS\SYSTEM32\USERENV.dll
0x00007ffdf24e0000 - 0x00007ffdf2562000 	C:\WINDOWS\System32\bcryptprimitives.dll
0x00007ffdf1560000 - 0x00007ffdf156c000 	C:\WINDOWS\SYSTEM32\CRYPTBASE.dll
0x00007ffde6fb0000 - 0x00007ffde6fc7000 	C:\WINDOWS\SYSTEM32\dhcpcsvc6.DLL
0x00007ffde6d40000 - 0x00007ffde6d5d000 	C:\WINDOWS\SYSTEM32\dhcpcsvc.DLL
0x00007ffdc7140000 - 0x00007ffdc7157000 	C:\WINDOWS\system32\napinsp.dll
0x00007ffdc3610000 - 0x00007ffdc362b000 	C:\WINDOWS\system32\pnrpnsp.dll
0x00007ffde98a0000 - 0x00007ffde98b5000 	C:\WINDOWS\system32\wshbth.dll
0x00007ffdea540000 - 0x00007ffdea55d000 	C:\WINDOWS\system32\NLAapi.dll
0x00007ffdc35f0000 - 0x00007ffdc3602000 	C:\WINDOWS\System32\winrnr.dll

VM Arguments:
jvm_args: -XX:TieredStopAtLevel=1 -Xverify:none -Dspring.output.ansi.enabled=always -Dcom.sun.management.jmxremote -Dspring.jmx.enabled=true -Dspring.liveBeansView.mbeanDomain -Dspring.application.admin.enabled=true -javaagent:C:\Program Files\JetBrains\IntelliJ IDEA 2019.1.2\lib\idea_rt.jar=10781:C:\Program Files\JetBrains\IntelliJ IDEA 2019.1.2\bin -Dfile.encoding=UTF-8 
java_command: com.example.jwtcloud.JwtCloudApplication
java_class_path (initial): C:\Program Files\Java\jdk1.8.0_281\jre\lib\charsets.jar;C:\Program Files\Java\jdk1.8.0_281\jre\lib\deploy.jar;C:\Program Files\Java\jdk1.8.0_281\jre\lib\ext\access-bridge-64.jar;C:\Program Files\Java\jdk1.8.0_281\jre\lib\ext\cldrdata.jar;C:\Program Files\Java\jdk1.8.0_281\jre\lib\ext\dnsns.jar;C:\Program Files\Java\jdk1.8.0_281\jre\lib\ext\jaccess.jar;C:\Program Files\Java\jdk1.8.0_281\jre\lib\ext\jfxrt.jar;C:\Program Files\Java\jdk1.8.0_281\jre\lib\ext\localedata.jar;C:\Program Files\Java\jdk1.8.0_281\jre\lib\ext\nashorn.jar;C:\Program Files\Java\jdk1.8.0_281\jre\lib\ext\sunec.jar;C:\Program Files\Java\jdk1.8.0_281\jre\lib\ext\sunjce_provider.jar;C:\Program Files\Java\jdk1.8.0_281\jre\lib\ext\sunmscapi.jar;C:\Program Files\Java\jdk1.8.0_281\jre\lib\ext\sunpkcs11.jar;C:\Program Files\Java\jdk1.8.0_281\jre\lib\ext\zipfs.jar;C:\Program Files\Java\jdk1.8.0_281\jre\lib\javaws.jar;C:\Program Files\Java\jdk1.8.0_281\jre\lib\jce.jar;C:\Program Files\Java\jdk1.8.0_281\jre\lib\jfr.jar;C:\Program Files\Java\jdk1.8.0_281\jre\lib\jfxswt.jar;C:\Program Files\Java\jdk1.8.0_281\jre\lib\jsse.jar;C:\Program Files\Java\jdk1.8.0_281\jre\lib\management-agent.jar;C:\Program Files\Java\jdk1.8.0_281\jre\lib\plugin.jar;C:\Program Files\Java\jdk1.8.0_281\jre\lib\resources.jar;C:\Program Files\Java\jdk1.8.0_281\jre\lib\rt.jar;E:\Projets_Dev\angularsformation\formation-jwt-udemy\JsonWebTokenUdemy\jwt-cloud\target\classes;C:\Users\DELL Gaming\.m2\repository\org\springframework\boot\spring-boot-starter-data-jpa\2.5.4\spring-boot-starter-data-jpa-2.5.4.jar;C:\Users\DELL Gaming\.m2\repository\org\springframework\boot\spring-boot-starter-aop\2.5.4\spring-boot-starter-aop-2.5.4.jar;C:\Users\DELL Gaming\.m2\repository\org\aspectj\aspectjweaver\1.9.7\aspectjweaver-1.9.7.jar;C:\Users\DELL Gaming\.m2\repository\org\springframework\boot\spring-boot-starter-jdbc\2.5.4\spring-boot-starter-jdbc-2.5.4.jar;C:\Users\DELL Gaming\.m2\repository\com\zaxxer\HikariCP\4.0.3\HikariCP-4.0
Launcher Type: SUN_STANDARD

Environment Variables:
PATH=D:\app\Gaming\product\11.2.0\dbhome_1\bin;C:\oraclexe\app\oracle\product\11.2.0\server\bin;C:\Program Files (x86)\Common Files\Oracle\Java\javapath;C:\WINDOWS\system32;C:\WINDOWS;C:\WINDOWS\System32\Wbem;C:\WINDOWS\System32\WindowsPowerShell\v1.0\;C:\WINDOWS\System32\OpenSSH\;C:\Program Files\Git\cmd;C:\Program Files\nodejs\;C:\Program Files\Microsoft VS Code\bin;C:\xampp\php;C:\ProgramData\ComposerSetup\bin;C:\Program Files\Docker\Docker\resources\bin;C:\ProgramData\DockerDesktop\version-bin;C:\Program Files\Java\jdk1.8.0_281\bin;C:\Users\DELL Gaming\AppData\Local\Programs\Python\Python311\Scripts\;C:\Users\DELL Gaming\AppData\Local\Programs\Python\Python311\;C:\Program Files\Java\jdk1.8.0_281\bin;D:\app\Gaming\product\11.2.0\dbhome_1\bin;C:\oraclexe\app\oracle\product\11.2.0\server\bin;C:\Program Files (x86)\Common Files\Oracle\Java\javapath;C:\WINDOWS\system32;C:\WINDOWS;C:\WINDOWS\System32\Wbem;C:\WINDOWS\System32\WindowsPowerShell\v1.0\;C:\WINDOWS\System32\OpenSSH\;C:\Program Files\Git\cmd;C:\Program Files\nodejs\;C:\Program Files\Microsoft VS Code\bin;C:\xampp\php;C:\ProgramData\ComposerSetup\bin;C:\Program Files\Docker\Docker\resources\bin;C:\ProgramData\DockerDesktop\version-bin;C:\Program Files\Java\jdk1.8.0_281\bin;;C:\Program Files\JetBrains\IntelliJ IDEA 2019.1.2\bin;;C:\Program Files\JetBrains\WebStorm 2019.2.3\bin;;C:\Users\DELL Gaming\AppData\Roaming\npm;C:\Users\DELL Gaming\AppData\Roaming\Composer\vendor\bin;C:\Program Files\JetBrains\PyCharm Community Edition 2022.2.3\bin;;C:\Users\chromedriver;E:\flutter\flutter\bin;C:\maven\apache-maven-3.6.3\bin;E:\mavene\apache-maven-3.6.3\bin;
USERNAME=Gaming
OS=Windows_NT
PROCESSOR_IDENTIFIER=Intel64 Family 6 Model 165 Stepping 2, GenuineIntel



---------------  S Y S T E M  ---------------

OS: Windows 10.0 , 64 bit Build 19041 (10.0.19041.3393)

CPU:total 12 (initial active 12) (6 cores per cpu, 2 threads per core) family 6 model 165 stepping 2, cmov, cx8, fxsr, mmx, sse, sse2, sse3, ssse3, sse4.1, sse4.2, popcnt, avx, avx2, aes, clmul, erms, 3dnowpref, lzcnt, ht, tsc, tscinvbit, bmi1, bmi2, adx

Memory: 4k page, physical 8177344k(552176k free), swap 33343168k(0k free)

vm_info: Java HotSpot(TM) 64-Bit Server VM (25.281-b09) for windows-amd64 JRE (1.8.0_281-b09), built on Dec  9 2020 13:54:07 by "" with MS VC++ 15.9 (VS2017)

time: Wed Sep 27 13:09:32 2023
timezone: Temps universel coordonné
elapsed time: 6.856301 seconds (0d 0h 0m 6s)

